Build started 17/03/2015 14:39:09.
     1>Project "C:\Users\xander\Documents\GitHub\C_bugs\CProject\CProject\CProject.vcxproj" on node 2 (Rebuild target(s)).
     1>C:\Program Files (x86)\MSBuild\Microsoft.Cpp\v4.0\V120\Microsoft.CppClean.targets(76,5): warning : Access to the path 'c:\users\xander\documents\github\c_bugs\cproject\debug\cproject.exe' is denied.
     1>ClCompile:
         C:\Program Files (x86)\Microsoft Visual Studio 12.0\VC\bin\CL.exe /c /ZI /nologo /W3 /WX- /sdl /Od /Oy- /D _MBCS /Gm /EHsc /RTC1 /MDd /GS /fp:precise /Zc:wchar_t /Zc:forScope /Fo"Debug\\" /Fd"Debug\vc120.pdb" /Gd /TP /analyze- /errorReport:prompt Aphid.cpp Board.cpp Cell.cpp Insect.cpp Ladybug.cpp Program.cpp
         Program.cpp
     1>c:\users\xander\documents\github\c_bugs\cproject\cproject\program.cpp(37): warning C4244: 'argument' : conversion from 'time_t' to 'unsigned int', possible loss of data
         Ladybug.cpp
         Insect.cpp
         Cell.cpp
     1>c:\users\xander\documents\github\c_bugs\cproject\cproject\cell.cpp(23): warning C4244: 'initializing' : conversion from 'double' to 'float', possible loss of data
     1>c:\users\xander\documents\github\c_bugs\cproject\cproject\cell.cpp(38): warning C4244: 'initializing' : conversion from 'double' to 'float', possible loss of data
     1>c:\users\xander\documents\github\c_bugs\cproject\cproject\cell.cpp(56): warning C4244: 'initializing' : conversion from 'double' to 'float', possible loss of data
     1>c:\users\xander\documents\github\c_bugs\cproject\cproject\cell.cpp(69): warning C4244: 'initializing' : conversion from 'double' to 'float', possible loss of data
         Board.cpp
     1>c:\users\xander\documents\github\c_bugs\cproject\cproject\board.cpp(69): warning C4018: '<' : signed/unsigned mismatch
     1>c:\users\xander\documents\github\c_bugs\cproject\cproject\board.cpp(75): warning C4244: 'initializing' : conversion from 'double' to 'float', possible loss of data
     1>c:\users\xander\documents\github\c_bugs\cproject\cproject\board.cpp(127): warning C4018: '<' : signed/unsigned mismatch
     1>c:\users\xander\documents\github\c_bugs\cproject\cproject\board.cpp(131): warning C4244: 'initializing' : conversion from 'double' to 'float', possible loss of data
     1>c:\users\xander\documents\github\c_bugs\cproject\cproject\board.cpp(237): warning C4018: '<' : signed/unsigned mismatch
     1>c:\users\xander\documents\github\c_bugs\cproject\cproject\board.cpp(245): warning C4018: '<' : signed/unsigned mismatch
         Aphid.cpp
         Generating Code...
       Link:
         C:\Program Files (x86)\Microsoft Visual Studio 12.0\VC\bin\link.exe /ERRORREPORT:PROMPT /OUT:"C:\Users\xander\Documents\GitHub\C_bugs\CProject\Debug\CProject.exe" /INCREMENTAL /NOLOGO kernel32.lib user32.lib gdi32.lib winspool.lib comdlg32.lib advapi32.lib shell32.lib ole32.lib oleaut32.lib uuid.lib odbc32.lib odbccp32.lib /MANIFEST /MANIFESTUAC:"level='asInvoker' uiAccess='false'" /manifest:embed /DEBUG /PDB:"C:\Users\xander\Documents\GitHub\C_bugs\CProject\Debug\CProject.pdb" /TLBID:1 /DYNAMICBASE /NXCOMPAT /IMPLIB:"C:\Users\xander\Documents\GitHub\C_bugs\CProject\Debug\CProject.lib" /MACHINE:X86 Debug\Aphid.obj
         Debug\Board.obj
         Debug\Cell.obj
         Debug\Insect.obj
         Debug\Ladybug.obj
         Debug\Program.obj
         CProject.vcxproj -> C:\Users\xander\Documents\GitHub\C_bugs\CProject\Debug\CProject.exe
     1>Done Building Project "C:\Users\xander\Documents\GitHub\C_bugs\CProject\CProject\CProject.vcxproj" (Rebuild target(s)).

Build succeeded.

Time Elapsed 00:00:02.02
